[debug] [2021-06-25T16:40:14.344Z] ----------------------------------------------------------------------
[debug] [2021-06-25T16:40:14.346Z] Command:       C:\Program Files\nodejs\node.exe C:\Users\lfern\AppData\Roaming\npm\node_modules\firebase-tools\lib\bin\firebase.js init
[debug] [2021-06-25T16:40:14.347Z] CLI Version:   9.14.0
[debug] [2021-06-25T16:40:14.347Z] Platform:      win32
[debug] [2021-06-25T16:40:14.347Z] Node Version:  v14.17.1
[debug] [2021-06-25T16:40:14.348Z] Time:          Fri Jun 25 2021 13:40:14 GMT-0300 (Horário Padrão de Brasília)
[debug] [2021-06-25T16:40:14.348Z] ----------------------------------------------------------------------
[debug] 
[debug] [2021-06-25T16:40:14.358Z] > command requires scopes: ["email","openid","https://www.googleapis.com/auth/cloudplatformprojects.readonly","https://www.googleapis.com/auth/firebase","https://www.googleapis.com/auth/cloud-platform"]
[debug] [2021-06-25T16:40:14.358Z] > authorizing via signed-in user (l.nandoferbarbosa@gmail.com)
[info] 
     ######## #### ########  ######## ########     ###     ######  ########
     ##        ##  ##     ## ##       ##     ##  ##   ##  ##       ##
     ######    ##  ########  ######   ########  #########  ######  ######
     ##        ##  ##    ##  ##       ##     ## ##     ##       ## ##
     ##       #### ##     ## ######## ########  ##     ##  ######  ########

You're about to initialize a Firebase project in this directory:

  C:\Users\lfern\Desktop\projects\nlw6\letmeask

[info] 
=== Project Setup
[info] 
[info] First, let's associate this project directory with a Firebase project.
[info] You can create multiple project aliases by running firebase use --add, 
[info] but for now we'll just set up a default project.
[info] 
[debug] [2021-06-25T16:41:27.164Z] >>> [apiv2][query] GET https://firebase.googleapis.com/v1beta1/projects pageSize=100
[debug] [2021-06-25T16:41:28.353Z] <<< [apiv2][status] GET https://firebase.googleapis.com/v1beta1/projects 200
[debug] [2021-06-25T16:41:28.353Z] <<< [apiv2][body] GET https://firebase.googleapis.com/v1beta1/projects [omitted]
[info] i  Using project let-me-ask-luiz (let-me-ask-luiz) 
[info] 
=== Database Setup
[info] i  database: ensuring required API firebasedatabase.googleapis.com is enabled... 
[debug] [2021-06-25T16:41:33.252Z] > refreshing access token with scopes: ["email","https://www.googleapis.com/auth/cloud-platform","https://www.googleapis.com/auth/cloudplatformprojects.readonly","https://www.googleapis.com/auth/firebase","openid"]
[debug] [2021-06-25T16:41:33.252Z] >>> HTTP REQUEST POST https://www.googleapis.com/oauth2/v3/token  
 <request body omitted>
[debug] [2021-06-25T16:41:33.510Z] <<< HTTP RESPONSE 200 {"cache-control":"no-cache, no-store, max-age=0, must-revalidate","expires":"Mon, 01 Jan 1990 00:00:00 GMT","pragma":"no-cache","date":"Fri, 25 Jun 2021 16:41:32 GMT","content-type":"application/json; charset=utf-8","vary":"X-Origin, Referer, Origin,Accept-Encoding","server":"scaffolding on HTTPServer2","x-xss-protection":"0","x-frame-options":"SAMEORIGIN","x-content-type-options":"nosniff","alt-svc":"h3=\":443\"; ma=2592000,h3-29=\":443\"; ma=2592000,h3-T051=\":443\"; ma=2592000,h3-Q050=\":443\"; ma=2592000,h3-Q046=\":443\"; ma=2592000,h3-Q043=\":443\"; ma=2592000,quic=\":443\"; ma=2592000; v=\"46,43\"","accept-ranges":"none","transfer-encoding":"chunked"}
[debug] [2021-06-25T16:41:33.526Z] >>> HTTP REQUEST GET https://serviceusage.googleapis.com/v1/projects/let-me-ask-luiz/services/firebasedatabase.googleapis.com  
 
[debug] [2021-06-25T16:41:34.687Z] <<< HTTP RESPONSE 200 {"content-type":"application/json; charset=UTF-8","vary":"X-Origin, Referer, Origin,Accept-Encoding","date":"Fri, 25 Jun 2021 16:41:34 GMT","server":"ESF","cache-control":"private","x-xss-protection":"0","x-frame-options":"SAMEORIGIN","x-content-type-options":"nosniff","alt-svc":"h3=\":443\"; ma=2592000,h3-29=\":443\"; ma=2592000,h3-T051=\":443\"; ma=2592000,h3-Q050=\":443\"; ma=2592000,h3-Q046=\":443\"; ma=2592000,h3-Q043=\":443\"; ma=2592000,quic=\":443\"; ma=2592000; v=\"46,43\"","accept-ranges":"none","transfer-encoding":"chunked"}
[info] +  database: required API firebasedatabase.googleapis.com is enabled 
[info] 
[debug] [2021-06-25T16:41:34.690Z] >>> HTTP REQUEST GET https://firebasedatabase.googleapis.com/v1beta/projects/let-me-ask-luiz/locations/-/instances/let-me-ask-luiz-default-rtdb  
 
[debug] [2021-06-25T16:41:36.023Z] <<< HTTP RESPONSE 200 {"content-type":"application/json; charset=UTF-8","vary":"X-Origin, Referer, Origin,Accept-Encoding","date":"Fri, 25 Jun 2021 16:41:35 GMT","server":"ESF","cache-control":"private","x-xss-protection":"0","x-frame-options":"SAMEORIGIN","x-content-type-options":"nosniff","alt-svc":"h3=\":443\"; ma=2592000,h3-29=\":443\"; ma=2592000,h3-T051=\":443\"; ma=2592000,h3-Q050=\":443\"; ma=2592000,h3-Q046=\":443\"; ma=2592000,h3-Q043=\":443\"; ma=2592000,quic=\":443\"; ma=2592000; v=\"46,43\"","accept-ranges":"none","transfer-encoding":"chunked"}
[info] 
[info] Firebase Realtime Database Security Rules allow you to define how your data should be
[info] structured and when your data can be read from and written to.
[info] 
[debug] [2021-06-25T16:41:49.591Z] >>> HTTP REQUEST GET https://let-me-ask-luiz-default-rtdb.firebaseio.com/.settings/rules.json  
 
[debug] [2021-06-25T16:41:50.408Z] <<< HTTP RESPONSE 200 {"server":"nginx","date":"Fri, 25 Jun 2021 16:41:49 GMT","content-type":"application/json; charset=utf-8","content-length":"656","connection":"keep-alive","access-control-allow-origin":"*","cache-control":"no-cache","strict-transport-security":"max-age=31556926; includeSubDomains; preload"}
[info] +  Database Rules for let-me-ask-luiz-default-rtdb have been written to database.rules.json. 
[info] Future modifications to database.rules.json will update Realtime Database Security Rules when you run
[info] firebase deploy.
[info] 
=== Hosting Setup
[info] 
[info] Your public directory is the folder (relative to your project directory) that
[info] will contain Hosting assets to be uploaded with firebase deploy. If you
[info] have a build process for your assets, use your build's output directory.
[info] 
[debug] [2021-06-25T16:42:57.908Z] >>> [apiv2][query] GET https://www.gstatic.com/firebasejs/releases.json [none]
[debug] [2021-06-25T16:42:58.125Z] <<< [apiv2][status] GET https://www.gstatic.com/firebasejs/releases.json 200
[debug] [2021-06-25T16:42:58.126Z] <<< [apiv2][body] GET https://www.gstatic.com/firebasejs/releases.json {"current":{"version":"8.6.8","browserURL":"https://www.gstatic.com/firebasejs/8.6.8/firebase.js","packageURL":"https://www.gstatic.com/firebasejs/8.6.8/firebase.tgz"},"live":{"version":"8.6","browserURL":"https://www.gstatic.com/firebasejs/live/8.6/firebase.js","packageURL":"https://www.gstatic.com/firebasejs/live/8.6/firebase.tgz"},"components":{"analytics":"https://www.gstatic.com/firebasejs/8.6.8/firebase-analytics.js","app":"https://www.gstatic.com/firebasejs/8.6.8/firebase-app.js","app-check":"https://www.gstatic.com/firebasejs/8.6.8/firebase-app-check.js","auth":"https://www.gstatic.com/firebasejs/8.6.8/firebase-auth.js","database":"https://www.gstatic.com/firebasejs/8.6.8/firebase-database.js","firestore":"https://www.gstatic.com/firebasejs/8.6.8/firebase-firestore.js","functions":"https://www.gstatic.com/firebasejs/8.6.8/firebase-functions.js","installations":"https://www.gstatic.com/firebasejs/8.6.8/firebase-installations.js","messaging":"https://www.gstatic.com/firebasejs/8.6.8/firebase-messaging.js","storage":"https://www.gstatic.com/firebasejs/8.6.8/firebase-storage.js","performance":"https://www.gstatic.com/firebasejs/8.6.8/firebase-performance.js","remote-config":"https://www.gstatic.com/firebasejs/8.6.8/firebase-remote-config.js","firestore.memory":"https://www.gstatic.com/firebasejs/8.6.8/firebase-firestore.memory.js"}}
[info] +  Wrote build/index.html 
[info] 
[info] i  Detected a .git folder at C:\Users\lfern\Desktop\projects\nlw6 
[info] i  Authorizing with GitHub to upload your service account to a GitHub repository's secrets store. 
[info] 
[info] Visit this URL on this device to log in:
[info] https://github.com/login/oauth/authorize?client_id=89cf50f02ac6aaed3484&state=265785070&redirect_uri=http%3A%2F%2Flocalhost%3A9005&scope=read%3Auser%20repo%20public_repo
[info] 
[info] Waiting for authentication...
[debug] [2021-06-25T16:42:58.989Z] >>> HTTP REQUEST POST https://github.com/login/oauth/access_token  
 {"client_id":"89cf50f02ac6aaed3484","client_secret":"3330d14abc895d9a74d5f17cd7a00711fa2c5bf0","code":"da0f1f550c3262b7d377","redirect_uri":"http://localhost:9005","state":"265785070"}
[debug] [2021-06-25T16:42:59.532Z] <<< HTTP RESPONSE 200 {"server":"GitHub.com","date":"Fri, 25 Jun 2021 16:42:58 GMT","content-type":"application/json; charset=utf-8","transfer-encoding":"chunked","vary":"X-PJAX, Accept-Encoding, Accept, X-Requested-With","permissions-policy":"interest-cohort=()","etag":"W/\"0d81558cff8be307f3f018f76367ac47\"","cache-control":"max-age=0, private, must-revalidate","strict-transport-security":"max-age=31536000; includeSubdomains; preload","x-frame-options":"deny","x-content-type-options":"nosniff","x-xss-protection":"0","referrer-policy":"origin-when-cross-origin, strict-origin-when-cross-origin","expect-ct":"max-age=2592000, report-uri=\"https://api.github.com/_private/browser/errors\"","content-security-policy":"default-src 'none'; base-uri 'self'; block-all-mixed-content; connect-src 'self' uploads.github.com www.githubstatus.com collector.githubapp.com api.github.com github-cloud.s3.amazonaws.com github-production-repository-file-5c1aeb.s3.amazonaws.com github-production-upload-manifest-file-7fdce7.s3.amazonaws.com github-production-user-asset-6210df.s3.amazonaws.com cdn.optimizely.com logx.optimizely.com/v1/events translator.github.com wss://alive.github.com; font-src github.githubassets.com; form-action 'self' github.com gist.github.com; frame-ancestors 'none'; frame-src render.githubusercontent.com render-temp.githubusercontent.com viewscreen.githubusercontent.com; img-src 'self' data: github.githubassets.com identicons.github.com collector.githubapp.com github-cloud.s3.amazonaws.com secured-user-images.githubusercontent.com/ *.githubusercontent.com; manifest-src 'self'; media-src 'none'; script-src github.githubassets.com; style-src 'unsafe-inline' github.githubassets.com; worker-src github.com/socket-worker-3f088aa2.js gist.github.com/socket-worker-3f088aa2.js","x-github-request-id":"CFF1:2D12:795B67:10C8B2C:60D60792"}
[debug] [2021-06-25T16:42:59.537Z] >>> [apiv2][query] GET https://api.github.com/user [none]
[debug] [2021-06-25T16:43:00.143Z] <<< [apiv2][status] GET https://api.github.com/user 200
[debug] [2021-06-25T16:43:00.143Z] <<< [apiv2][body] GET https://api.github.com/user {"login":"luizfbarbosa12","id":71241157,"node_id":"MDQ6VXNlcjcxMjQxMTU3","avatar_url":"https://avatars.githubusercontent.com/u/71241157?v=4","gravatar_id":"","url":"https://api.github.com/users/luizfbarbosa12","html_url":"https://github.com/luizfbarbosa12","followers_url":"https://api.github.com/users/luizfbarbosa12/followers","following_url":"https://api.github.com/users/luizfbarbosa12/following{/other_user}","gists_url":"https://api.github.com/users/luizfbarbosa12/gists{/gist_id}","starred_url":"https://api.github.com/users/luizfbarbosa12/starred{/owner}{/repo}","subscriptions_url":"https://api.github.com/users/luizfbarbosa12/subscriptions","organizations_url":"https://api.github.com/users/luizfbarbosa12/orgs","repos_url":"https://api.github.com/users/luizfbarbosa12/repos","events_url":"https://api.github.com/users/luizfbarbosa12/events{/privacy}","received_events_url":"https://api.github.com/users/luizfbarbosa12/received_events","type":"User","site_admin":false,"name":"Luiz Fernando Barbosa","company":null,"blog":"","location":"Santa Catarina, BR","email":null,"hireable":null,"bio":"Front End Developer","twitter_username":null,"public_repos":19,"public_gists":0,"followers":10,"following":24,"created_at":"2020-09-14T02:08:27Z","updated_at":"2021-06-25T13:57:27Z","private_gists":0,"total_private_repos":0,"owned_private_repos":0,"disk_usage":45217,"collaborators":0,"two_factor_authentication":false,"plan":{"name":"free","space":976562499,"collaborators":0,"private_repos":10000}}
[info] 
[info] +  Success! Logged into GitHub as luizfbarbosa12 
[info] 
[debug] [2021-06-25T16:43:18.766Z] >>> [apiv2][query] GET https://api.github.com/repos//actions/secrets/public-key type=owner
[debug] [2021-06-25T16:43:19.283Z] <<< [apiv2][status] GET https://api.github.com/repos//actions/secrets/public-key 404
[debug] [2021-06-25T16:43:19.283Z] <<< [apiv2][body] GET https://api.github.com/repos//actions/secrets/public-key {"message":"Not Found","documentation_url":"https://docs.github.com/rest"}
[debug] [2021-06-25T16:43:49.312Z] >>> [apiv2][query] GET https://api.github.com/repos/git@github.com:luizfbarbosa12/nlw6.git/actions/secrets/public-key type=owner
[debug] [2021-06-25T16:43:59.820Z] >>> [apiv2][query] GET https://api.github.com/repos/y/actions/secrets/public-key type=owner
[debug] [2021-06-25T16:44:00.361Z] <<< [apiv2][status] GET https://api.github.com/repos/y/actions/secrets/public-key 404
[debug] [2021-06-25T16:44:00.361Z] <<< [apiv2][body] GET https://api.github.com/repos/y/actions/secrets/public-key {"message":"Not Found","documentation_url":"https://docs.github.com/rest"}
[debug] [2021-06-25T16:44:46.076Z] >>> [apiv2][query] GET https://api.github.com/repos/C:\Users\lfern\Desktop\projects\nlw6/actions/secrets/public-key type=owner
[debug] [2021-06-25T16:44:46.587Z] <<< [apiv2][status] GET https://api.github.com/repos/C:\Users\lfern\Desktop\projects\nlw6/actions/secrets/public-key 404
[debug] [2021-06-25T16:44:46.587Z] <<< [apiv2][body] GET https://api.github.com/repos/C:\Users\lfern\Desktop\projects\nlw6/actions/secrets/public-key {"message":"Not Found","documentation_url":"https://docs.github.com/rest"}
